<?xml version="1.0" encoding="UTF-8"?>
<!-- Generated by org.testng.reporters.JUnitXMLReporter -->
<testsuite ignored="1" hostname="MSI" failures="0" tests="7" name="Cruises Page Test" time="20.141" errors="0" timestamp="07 Apr 2021 07:05:39 GMT">
  <testcase classname="com.calculatetripcost.testcases.CruisesPageTestAndDeckPageTest" name="openBrowser" time="1.061"/>
  <testcase classname="com.calculatetripcost.testcases.CruisesPageTestAndDeckPageTest" name="check_url" time="2.641"/>
  <testcase classname="com.calculatetripcost.testcases.CruisesPageTestAndDeckPageTest" name="TestHolidayHomesButton" time="0.084"/>
  <testcase classname="com.calculatetripcost.testcases.CruisesPageTestAndDeckPageTest" name="destination_test" time="13.457"/>
  <testcase classname="com.calculatetripcost.testcases.CruisesPageTestAndDeckPageTest" name="clickCruisesLinkTextTest" time="1.795"/>
  <testcase classname="com.calculatetripcost.testcases.CruisesPageTestAndDeckPageTest" name="clickCruisesLineTest" time="0.258"/>
  <testcase classname="com.calculatetripcost.testcases.CruisesPageTestAndDeckPageTest" name="clickCruiseShipTest" time="0.099"/>
  <testcase classname="com.calculatetripcost.testcases.CruisesPageTestAndDeckPageTest" name="clickSearchButton" time="0.0">
    <ignored/>
  </testcase> <!-- clickSearchButton -->
</testsuite> <!-- Cruises Page Test -->
