<?xml version="1.0" encoding="UTF-8"?>
<!-- Generated by org.testng.reporters.JUnitXMLReporter -->
<testsuite ignored="0" hostname="MSI" failures="0" tests="4" name="Landing Page" time="33.94" errors="0" timestamp="07 Apr 2021 07:04:32 GMT">
  <testcase classname="com.calculatetripcost.testcases.LandingPageTest" name="openBrowser" time="1.451"/>
  <testcase classname="com.calculatetripcost.testcases.LandingPageTest" name="check_url" time="3.573"/>
  <testcase classname="com.calculatetripcost.testcases.LandingPageTest" name="TestHolidayHomesButton" time="2.088"/>
  <testcase classname="com.calculatetripcost.testcases.LandingPageTest" name="destination_test" time="25.89"/>
</testsuite> <!-- Landing Page -->
