<?xml version="1.0" encoding="UTF-8"?>
<!-- Generated by org.testng.reporters.JUnitXMLReporter -->
<testsuite ignored="10" hostname="MSI" failures="0" tests="7" name="Nairobi Search Results Page" time="46.51" errors="0" timestamp="07 Apr 2021 07:05:19 GMT">
  <testcase classname="com.calculatetripcost.testcases.NairobiSearchResultsPageTest" name="openBrowser" time="1.079"/>
  <testcase classname="com.calculatetripcost.testcases.NairobiSearchResultsPageTest" name="check_url" time="2.552"/>
  <testcase classname="com.calculatetripcost.testcases.NairobiSearchResultsPageTest" name="TestHolidayHomesButton" time="0.076"/>
  <testcase classname="com.calculatetripcost.testcases.NairobiSearchResultsPageTest" name="destination_test" time="17.279"/>
  <testcase classname="com.calculatetripcost.testcases.NairobiSearchResultsPageTest" name="ClickGuestsDropDownTest" time="0.074"/>
  <testcase classname="com.calculatetripcost.testcases.NairobiSearchResultsPageTest" name="clickApplyButtonTest" time="3.074"/>
  <testcase classname="com.calculatetripcost.testcases.NairobiSearchResultsPageTest" name="clickOnHolidayHomesNameLinksTest" time="21.615"/>
  <testcase classname="com.calculatetripcost.testcases.NairobiSearchResultsPageTest" name="select_check_in_date_test" time="0.0">
    <ignored/>
  </testcase> <!-- select_check_in_date_test -->
  <testcase classname="com.calculatetripcost.testcases.NairobiSearchResultsPageTest" name="writetoExcelTest" time="0.0">
    <ignored/>
  </testcase> <!-- writetoExcelTest -->
  <testcase classname="com.calculatetripcost.testcases.NairobiSearchResultsPageTest" name="check_out_test" time="0.0">
    <ignored/>
  </testcase> <!-- check_out_test -->
  <testcase classname="com.calculatetripcost.testcases.NairobiSearchResultsPageTest" name="clickSortByTest" time="0.0">
    <ignored/>
  </testcase> <!-- clickSortByTest -->
  <testcase classname="com.calculatetripcost.testcases.NairobiSearchResultsPageTest" name="select_check_out_date_test" time="0.0">
    <ignored/>
  </testcase> <!-- select_check_out_date_test -->
  <testcase classname="com.calculatetripcost.testcases.NairobiSearchResultsPageTest" name="chooseSortBy" time="0.0">
    <ignored/>
  </testcase> <!-- chooseSortBy -->
  <testcase classname="com.calculatetripcost.testcases.NairobiSearchResultsPageTest" name="chooseNumberOfGuestsTest" time="0.0">
    <ignored/>
  </testcase> <!-- chooseNumberOfGuestsTest -->
  <testcase classname="com.calculatetripcost.testcases.NairobiSearchResultsPageTest" name="check_in_test" time="0.0">
    <ignored/>
  </testcase> <!-- check_in_test -->
  <testcase classname="com.calculatetripcost.testcases.NairobiSearchResultsPageTest" name="checkElevatorTest" time="0.0">
    <ignored/>
  </testcase> <!-- checkElevatorTest -->
  <testcase classname="com.calculatetripcost.testcases.NairobiSearchResultsPageTest" name="clickMoreOptionsTest" time="0.0">
    <ignored/>
  </testcase> <!-- clickMoreOptionsTest -->
</testsuite> <!-- Nairobi Search Results Page -->
