<?xml version="1.0" encoding="UTF-8"?>
<!-- Generated by org.testng.reporters.JUnitXMLReporter -->
<testsuite ignored="0" hostname="MSI" failures="0" tests="7" name="Cruises Page Test" time="33.937" errors="0" timestamp="16 Apr 2021 09:16:14 GMT">
  <testcase classname="com.calculatetripcost.testcases.CruisesPageTestAndDeckPageTest" name="check_url" time="3.044"/>
  <testcase classname="com.calculatetripcost.testcases.CruisesPageTestAndDeckPageTest" name="TestHolidayHomesButton" time="0.244"/>
  <testcase classname="com.calculatetripcost.testcases.CruisesPageTestAndDeckPageTest" name="destination_test" time="16.626"/>
  <testcase classname="com.calculatetripcost.testcases.CruisesPageTestAndDeckPageTest" name="clickCruisesLinkTextTest" time="1.875"/>
  <testcase classname="com.calculatetripcost.testcases.CruisesPageTestAndDeckPageTest" name="clickCruisesLineTest" time="1.775"/>
  <testcase classname="com.calculatetripcost.testcases.CruisesPageTestAndDeckPageTest" name="clickCruiseShipTest" time="1.909"/>
  <testcase classname="com.calculatetripcost.testcases.CruisesPageTestAndDeckPageTest" name="clickSearchButton" time="6.651"/>
</testsuite> <!-- Cruises Page Test -->
