<?xml version="1.0" encoding="UTF-8"?>
<!-- Generated by org.testng.reporters.JUnitXMLReporter -->
<testsuite ignored="0" hostname="MSI" failures="0" tests="3" name="Landing Page" time="18.885" errors="0" timestamp="11 Apr 2021 12:04:51 GMT">
  <testcase classname="com.calculatetripcost.testcases.LandingPageTest" name="check_url" time="2.496"/>
  <testcase classname="com.calculatetripcost.testcases.LandingPageTest" name="TestHolidayHomesButton" time="2.099"/>
  <testcase classname="com.calculatetripcost.testcases.LandingPageTest" name="destination_test" time="11.89"/>
</testsuite> <!-- Landing Page -->
