<?xml version="1.0" encoding="UTF-8"?>
<!-- Generated by org.testng.reporters.JUnitXMLReporter -->
<testsuite ignored="0" hostname="MSI" failures="0" tests="15" name="Nairobi Search Results Page" time="61.647" errors="0" timestamp="16 Apr 2021 09:15:40 GMT">
  <testcase classname="com.calculatetripcost.testcases.NairobiSearchResultsPageTest" name="check_url" time="2.61"/>
  <testcase classname="com.calculatetripcost.testcases.NairobiSearchResultsPageTest" name="TestHolidayHomesButton" time="0.334"/>
  <testcase classname="com.calculatetripcost.testcases.NairobiSearchResultsPageTest" name="destination_test" time="18.707"/>
  <testcase classname="com.calculatetripcost.testcases.NairobiSearchResultsPageTest" name="check_in_test" time="0.483"/>
  <testcase classname="com.calculatetripcost.testcases.NairobiSearchResultsPageTest" name="select_check_in_date_test" time="0.389"/>
  <testcase classname="com.calculatetripcost.testcases.NairobiSearchResultsPageTest" name="select_check_out_date_test" time="0.549"/>
  <testcase classname="com.calculatetripcost.testcases.NairobiSearchResultsPageTest" name="ClickGuestsDropDownTest" time="0.323"/>
  <testcase classname="com.calculatetripcost.testcases.NairobiSearchResultsPageTest" name="chooseNumberOfGuestsTest" time="0.12"/>
  <testcase classname="com.calculatetripcost.testcases.NairobiSearchResultsPageTest" name="clickApplyButtonTest" time="6.156"/>
  <testcase classname="com.calculatetripcost.testcases.NairobiSearchResultsPageTest" name="clickSortByTest" time="0.314"/>
  <testcase classname="com.calculatetripcost.testcases.NairobiSearchResultsPageTest" name="chooseSortBy" time="2.374"/>
  <testcase classname="com.calculatetripcost.testcases.NairobiSearchResultsPageTest" name="clickMoreOptionsTest" time="0.166"/>
  <testcase classname="com.calculatetripcost.testcases.NairobiSearchResultsPageTest" name="checkElevatorTest" time="3.783"/>
  <testcase classname="com.calculatetripcost.testcases.NairobiSearchResultsPageTest" name="writetoExcelTest" time="0.365"/>
  <testcase classname="com.calculatetripcost.testcases.NairobiSearchResultsPageTest" name="clickOnHolidayHomesNameLinksTest" time="21.944"/>
</testsuite> <!-- Nairobi Search Results Page -->
