<?xml version="1.0" encoding="UTF-8"?>
<testng-results ignored="0" total="26" passed="26" failed="0" skipped="0">
  <reporter-output>
  </reporter-output>
  <suite started-at="2021-04-09T15:34:43 IST" name="Surefire suite" finished-at="2021-04-09T15:36:05 IST" duration-ms="81454">
    <groups>
      <group name="SmokeTest">
        <method signature="CruisesPageTestAndDeckPageTest.clickSearchButton()[pri:7, instance:com.calculatetripcost.testcases.CruisesPageTestAndDeckPageTest@24c22fe]" name="clickSearchButton" class="com.calculatetripcost.testcases.CruisesPageTestAndDeckPageTest"/>
      </group> <!-- SmokeTest -->
      <group name="Regression Test">
        <method signature="CruisesPageTestAndDeckPageTest.clickCruiseShipTest()[pri:6, instance:com.calculatetripcost.testcases.CruisesPageTestAndDeckPageTest@24c22fe]" name="clickCruiseShipTest" class="com.calculatetripcost.testcases.CruisesPageTestAndDeckPageTest"/>
        <method signature="CruisesPageTestAndDeckPageTest.clickCruisesLineTest()[pri:5, instance:com.calculatetripcost.testcases.CruisesPageTestAndDeckPageTest@24c22fe]" name="clickCruisesLineTest" class="com.calculatetripcost.testcases.CruisesPageTestAndDeckPageTest"/>
        <method signature="CruisesPageTestAndDeckPageTest.clickSearchButton()[pri:7, instance:com.calculatetripcost.testcases.CruisesPageTestAndDeckPageTest@24c22fe]" name="clickSearchButton" class="com.calculatetripcost.testcases.CruisesPageTestAndDeckPageTest"/>
        <method signature="CruisesPageTestAndDeckPageTest.destination_test()[pri:3, instance:com.calculatetripcost.testcases.CruisesPageTestAndDeckPageTest@24c22fe]" name="destination_test" class="com.calculatetripcost.testcases.CruisesPageTestAndDeckPageTest"/>
        <method signature="LandingPageTest.destination_test()[pri:3, instance:com.calculatetripcost.testcases.LandingPageTest@93081b6]" name="destination_test" class="com.calculatetripcost.testcases.LandingPageTest"/>
        <method signature="NairobiSearchResultsPageTest.ClickGuestsDropDownTest()[pri:8, instance:com.calculatetripcost.testcases.NairobiSearchResultsPageTest@cd1e646]" name="ClickGuestsDropDownTest" class="com.calculatetripcost.testcases.NairobiSearchResultsPageTest"/>
        <method signature="NairobiSearchResultsPageTest.checkElevatorTest()[pri:14, instance:com.calculatetripcost.testcases.NairobiSearchResultsPageTest@cd1e646]" name="checkElevatorTest" class="com.calculatetripcost.testcases.NairobiSearchResultsPageTest"/>
        <method signature="NairobiSearchResultsPageTest.check_in_test()[pri:4, instance:com.calculatetripcost.testcases.NairobiSearchResultsPageTest@cd1e646]" name="check_in_test" class="com.calculatetripcost.testcases.NairobiSearchResultsPageTest"/>
        <method signature="NairobiSearchResultsPageTest.check_out_test()[pri:6, instance:com.calculatetripcost.testcases.NairobiSearchResultsPageTest@cd1e646]" name="check_out_test" class="com.calculatetripcost.testcases.NairobiSearchResultsPageTest"/>
        <method signature="NairobiSearchResultsPageTest.chooseNumberOfGuestsTest()[pri:9, instance:com.calculatetripcost.testcases.NairobiSearchResultsPageTest@cd1e646]" name="chooseNumberOfGuestsTest" class="com.calculatetripcost.testcases.NairobiSearchResultsPageTest"/>
        <method signature="NairobiSearchResultsPageTest.chooseSortBy()[pri:12, instance:com.calculatetripcost.testcases.NairobiSearchResultsPageTest@cd1e646]" name="chooseSortBy" class="com.calculatetripcost.testcases.NairobiSearchResultsPageTest"/>
        <method signature="NairobiSearchResultsPageTest.clickMoreOptionsTest()[pri:13, instance:com.calculatetripcost.testcases.NairobiSearchResultsPageTest@cd1e646]" name="clickMoreOptionsTest" class="com.calculatetripcost.testcases.NairobiSearchResultsPageTest"/>
        <method signature="NairobiSearchResultsPageTest.clickOnHolidayHomesNameLinksTest()[pri:16, instance:com.calculatetripcost.testcases.NairobiSearchResultsPageTest@cd1e646]" name="clickOnHolidayHomesNameLinksTest" class="com.calculatetripcost.testcases.NairobiSearchResultsPageTest"/>
        <method signature="NairobiSearchResultsPageTest.clickSortByTest()[pri:11, instance:com.calculatetripcost.testcases.NairobiSearchResultsPageTest@cd1e646]" name="clickSortByTest" class="com.calculatetripcost.testcases.NairobiSearchResultsPageTest"/>
        <method signature="NairobiSearchResultsPageTest.destination_test()[pri:3, instance:com.calculatetripcost.testcases.NairobiSearchResultsPageTest@cd1e646]" name="destination_test" class="com.calculatetripcost.testcases.NairobiSearchResultsPageTest"/>
        <method signature="NairobiSearchResultsPageTest.select_check_in_date_test()[pri:5, instance:com.calculatetripcost.testcases.NairobiSearchResultsPageTest@cd1e646]" name="select_check_in_date_test" class="com.calculatetripcost.testcases.NairobiSearchResultsPageTest"/>
        <method signature="NairobiSearchResultsPageTest.select_check_out_date_test()[pri:7, instance:com.calculatetripcost.testcases.NairobiSearchResultsPageTest@cd1e646]" name="select_check_out_date_test" class="com.calculatetripcost.testcases.NairobiSearchResultsPageTest"/>
        <method signature="NairobiSearchResultsPageTest.writetoExcelTest()[pri:15, instance:com.calculatetripcost.testcases.NairobiSearchResultsPageTest@cd1e646]" name="writetoExcelTest" class="com.calculatetripcost.testcases.NairobiSearchResultsPageTest"/>
      </group> <!-- Regression Test -->
      <group name="Smoke Test">
        <method signature="CruisesPageTestAndDeckPageTest.TestHolidayHomesButton()[pri:2, instance:com.calculatetripcost.testcases.CruisesPageTestAndDeckPageTest@24c22fe]" name="TestHolidayHomesButton" class="com.calculatetripcost.testcases.CruisesPageTestAndDeckPageTest"/>
        <method signature="CruisesPageTestAndDeckPageTest.check_url()[pri:1, instance:com.calculatetripcost.testcases.CruisesPageTestAndDeckPageTest@24c22fe]" name="check_url" class="com.calculatetripcost.testcases.CruisesPageTestAndDeckPageTest"/>
        <method signature="CruisesPageTestAndDeckPageTest.clickCruiseShipTest()[pri:6, instance:com.calculatetripcost.testcases.CruisesPageTestAndDeckPageTest@24c22fe]" name="clickCruiseShipTest" class="com.calculatetripcost.testcases.CruisesPageTestAndDeckPageTest"/>
        <method signature="CruisesPageTestAndDeckPageTest.clickCruisesLineTest()[pri:5, instance:com.calculatetripcost.testcases.CruisesPageTestAndDeckPageTest@24c22fe]" name="clickCruisesLineTest" class="com.calculatetripcost.testcases.CruisesPageTestAndDeckPageTest"/>
        <method signature="CruisesPageTestAndDeckPageTest.clickCruisesLinkTextTest()[pri:4, instance:com.calculatetripcost.testcases.CruisesPageTestAndDeckPageTest@24c22fe]" name="clickCruisesLinkTextTest" class="com.calculatetripcost.testcases.CruisesPageTestAndDeckPageTest"/>
        <method signature="CruisesPageTestAndDeckPageTest.destination_test()[pri:3, instance:com.calculatetripcost.testcases.CruisesPageTestAndDeckPageTest@24c22fe]" name="destination_test" class="com.calculatetripcost.testcases.CruisesPageTestAndDeckPageTest"/>
        <method signature="LandingPageTest.TestHolidayHomesButton()[pri:2, instance:com.calculatetripcost.testcases.LandingPageTest@93081b6]" name="TestHolidayHomesButton" class="com.calculatetripcost.testcases.LandingPageTest"/>
        <method signature="LandingPageTest.check_url()[pri:1, instance:com.calculatetripcost.testcases.LandingPageTest@93081b6]" name="check_url" class="com.calculatetripcost.testcases.LandingPageTest"/>
        <method signature="LandingPageTest.destination_test()[pri:3, instance:com.calculatetripcost.testcases.LandingPageTest@93081b6]" name="destination_test" class="com.calculatetripcost.testcases.LandingPageTest"/>
        <method signature="NairobiSearchResultsPageTest.ClickGuestsDropDownTest()[pri:8, instance:com.calculatetripcost.testcases.NairobiSearchResultsPageTest@cd1e646]" name="ClickGuestsDropDownTest" class="com.calculatetripcost.testcases.NairobiSearchResultsPageTest"/>
        <method signature="NairobiSearchResultsPageTest.TestHolidayHomesButton()[pri:2, instance:com.calculatetripcost.testcases.NairobiSearchResultsPageTest@cd1e646]" name="TestHolidayHomesButton" class="com.calculatetripcost.testcases.NairobiSearchResultsPageTest"/>
        <method signature="NairobiSearchResultsPageTest.check_url()[pri:1, instance:com.calculatetripcost.testcases.NairobiSearchResultsPageTest@cd1e646]" name="check_url" class="com.calculatetripcost.testcases.NairobiSearchResultsPageTest"/>
        <method signature="NairobiSearchResultsPageTest.clickApplyButtonTest()[pri:10, instance:com.calculatetripcost.testcases.NairobiSearchResultsPageTest@cd1e646]" name="clickApplyButtonTest" class="com.calculatetripcost.testcases.NairobiSearchResultsPageTest"/>
        <method signature="NairobiSearchResultsPageTest.clickOnHolidayHomesNameLinksTest()[pri:16, instance:com.calculatetripcost.testcases.NairobiSearchResultsPageTest@cd1e646]" name="clickOnHolidayHomesNameLinksTest" class="com.calculatetripcost.testcases.NairobiSearchResultsPageTest"/>
        <method signature="NairobiSearchResultsPageTest.destination_test()[pri:3, instance:com.calculatetripcost.testcases.NairobiSearchResultsPageTest@cd1e646]" name="destination_test" class="com.calculatetripcost.testcases.NairobiSearchResultsPageTest"/>
      </group> <!-- Smoke Test -->
    </groups>
    <test started-at="2021-04-09T15:34:43 IST" name="Surefire test" finished-at="2021-04-09T15:36:05 IST" duration-ms="81454">
      <class name="com.calculatetripcost.testcases.LandingPageTest">
        <test-method is-config="true" signature="openBrowser()[pri:0, instance:com.calculatetripcost.testcases.LandingPageTest@93081b6]" started-at="2021-04-09T15:35:09 IST" name="openBrowser" finished-at="2021-04-09T15:35:10 IST" duration-ms="1058" status="PASS">
          <reporter-output>
          </reporter-output>
        </test-method> <!-- openBrowser -->
        <test-method signature="check_url()[pri:1, instance:com.calculatetripcost.testcases.LandingPageTest@93081b6]" started-at="2021-04-09T15:35:10 IST" name="check_url" finished-at="2021-04-09T15:35:12 IST" duration-ms="2563" status="PASS">
          <reporter-output>
          </reporter-output>
        </test-method> <!-- check_url -->
        <test-method signature="TestHolidayHomesButton()[pri:2, instance:com.calculatetripcost.testcases.LandingPageTest@93081b6]" started-at="2021-04-09T15:35:12 IST" name="TestHolidayHomesButton" finished-at="2021-04-09T15:35:15 IST" duration-ms="2113" status="PASS">
          <reporter-output>
          </reporter-output>
        </test-method> <!-- TestHolidayHomesButton -->
        <test-method signature="destination_test()[pri:3, instance:com.calculatetripcost.testcases.LandingPageTest@93081b6]" started-at="2021-04-09T15:35:15 IST" name="destination_test" finished-at="2021-04-09T15:35:22 IST" duration-ms="7765" status="PASS">
          <reporter-output>
          </reporter-output>
        </test-method> <!-- destination_test -->
        <test-method is-config="true" signature="quit()[pri:0, instance:com.calculatetripcost.testcases.LandingPageTest@93081b6]" started-at="2021-04-09T15:35:22 IST" name="quit" finished-at="2021-04-09T15:35:23 IST" duration-ms="719" status="PASS">
          <reporter-output>
          </reporter-output>
        </test-method> <!-- quit -->
      </class> <!-- com.calculatetripcost.testcases.LandingPageTest -->
      <class name="com.calculatetripcost.testcases.NairobiSearchResultsPageTest">
        <test-method is-config="true" signature="openBrowser()[pri:0, instance:com.calculatetripcost.testcases.NairobiSearchResultsPageTest@cd1e646]" started-at="2021-04-09T15:35:23 IST" name="openBrowser" finished-at="2021-04-09T15:35:24 IST" duration-ms="1103" status="PASS">
          <reporter-output>
          </reporter-output>
        </test-method> <!-- openBrowser -->
        <test-method signature="check_url()[pri:1, instance:com.calculatetripcost.testcases.NairobiSearchResultsPageTest@cd1e646]" started-at="2021-04-09T15:35:24 IST" name="check_url" finished-at="2021-04-09T15:35:27 IST" duration-ms="2474" status="PASS">
          <reporter-output>
          </reporter-output>
        </test-method> <!-- check_url -->
        <test-method signature="TestHolidayHomesButton()[pri:2, instance:com.calculatetripcost.testcases.NairobiSearchResultsPageTest@cd1e646]" started-at="2021-04-09T15:35:27 IST" name="TestHolidayHomesButton" finished-at="2021-04-09T15:35:27 IST" duration-ms="106" status="PASS">
          <reporter-output>
          </reporter-output>
        </test-method> <!-- TestHolidayHomesButton -->
        <test-method signature="destination_test()[pri:3, instance:com.calculatetripcost.testcases.NairobiSearchResultsPageTest@cd1e646]" started-at="2021-04-09T15:35:27 IST" name="destination_test" finished-at="2021-04-09T15:35:33 IST" duration-ms="6501" status="PASS">
          <reporter-output>
          </reporter-output>
        </test-method> <!-- destination_test -->
        <test-method signature="check_in_test()[pri:4, instance:com.calculatetripcost.testcases.NairobiSearchResultsPageTest@cd1e646]" started-at="2021-04-09T15:35:33 IST" name="check_in_test" finished-at="2021-04-09T15:35:33 IST" duration-ms="74" status="PASS">
          <reporter-output>
          </reporter-output>
        </test-method> <!-- check_in_test -->
        <test-method signature="select_check_in_date_test()[pri:5, instance:com.calculatetripcost.testcases.NairobiSearchResultsPageTest@cd1e646]" started-at="2021-04-09T15:35:33 IST" name="select_check_in_date_test" finished-at="2021-04-09T15:35:33 IST" duration-ms="118" status="PASS">
          <reporter-output>
          </reporter-output>
        </test-method> <!-- select_check_in_date_test -->
        <test-method signature="check_out_test()[pri:6, instance:com.calculatetripcost.testcases.NairobiSearchResultsPageTest@cd1e646]" started-at="2021-04-09T15:35:33 IST" name="check_out_test" finished-at="2021-04-09T15:35:34 IST" duration-ms="49" status="PASS">
          <reporter-output>
          </reporter-output>
        </test-method> <!-- check_out_test -->
        <test-method signature="select_check_out_date_test()[pri:7, instance:com.calculatetripcost.testcases.NairobiSearchResultsPageTest@cd1e646]" started-at="2021-04-09T15:35:34 IST" name="select_check_out_date_test" finished-at="2021-04-09T15:35:34 IST" duration-ms="325" status="PASS">
          <reporter-output>
          </reporter-output>
        </test-method> <!-- select_check_out_date_test -->
        <test-method signature="ClickGuestsDropDownTest()[pri:8, instance:com.calculatetripcost.testcases.NairobiSearchResultsPageTest@cd1e646]" started-at="2021-04-09T15:35:34 IST" name="ClickGuestsDropDownTest" finished-at="2021-04-09T15:35:34 IST" duration-ms="166" status="PASS">
          <reporter-output>
          </reporter-output>
        </test-method> <!-- ClickGuestsDropDownTest -->
        <test-method signature="chooseNumberOfGuestsTest()[pri:9, instance:com.calculatetripcost.testcases.NairobiSearchResultsPageTest@cd1e646]" started-at="2021-04-09T15:35:34 IST" name="chooseNumberOfGuestsTest" finished-at="2021-04-09T15:35:34 IST" duration-ms="268" status="PASS">
          <reporter-output>
          </reporter-output>
        </test-method> <!-- chooseNumberOfGuestsTest -->
        <test-method signature="clickApplyButtonTest()[pri:10, instance:com.calculatetripcost.testcases.NairobiSearchResultsPageTest@cd1e646]" started-at="2021-04-09T15:35:34 IST" name="clickApplyButtonTest" finished-at="2021-04-09T15:35:37 IST" duration-ms="3139" status="PASS">
          <reporter-output>
          </reporter-output>
        </test-method> <!-- clickApplyButtonTest -->
        <test-method signature="clickSortByTest()[pri:11, instance:com.calculatetripcost.testcases.NairobiSearchResultsPageTest@cd1e646]" started-at="2021-04-09T15:35:37 IST" name="clickSortByTest" finished-at="2021-04-09T15:35:37 IST" duration-ms="63" status="PASS">
          <reporter-output>
          </reporter-output>
        </test-method> <!-- clickSortByTest -->
        <test-method signature="chooseSortBy()[pri:12, instance:com.calculatetripcost.testcases.NairobiSearchResultsPageTest@cd1e646]" started-at="2021-04-09T15:35:37 IST" name="chooseSortBy" finished-at="2021-04-09T15:35:40 IST" duration-ms="2116" status="PASS">
          <reporter-output>
          </reporter-output>
        </test-method> <!-- chooseSortBy -->
        <test-method signature="clickMoreOptionsTest()[pri:13, instance:com.calculatetripcost.testcases.NairobiSearchResultsPageTest@cd1e646]" started-at="2021-04-09T15:35:40 IST" name="clickMoreOptionsTest" finished-at="2021-04-09T15:35:40 IST" duration-ms="193" status="PASS">
          <reporter-output>
          </reporter-output>
        </test-method> <!-- clickMoreOptionsTest -->
        <test-method signature="checkElevatorTest()[pri:14, instance:com.calculatetripcost.testcases.NairobiSearchResultsPageTest@cd1e646]" started-at="2021-04-09T15:35:40 IST" name="checkElevatorTest" finished-at="2021-04-09T15:35:43 IST" duration-ms="3273" status="PASS">
          <reporter-output>
          </reporter-output>
        </test-method> <!-- checkElevatorTest -->
        <test-method signature="writetoExcelTest()[pri:15, instance:com.calculatetripcost.testcases.NairobiSearchResultsPageTest@cd1e646]" started-at="2021-04-09T15:35:43 IST" name="writetoExcelTest" finished-at="2021-04-09T15:35:43 IST" duration-ms="361" status="PASS">
          <reporter-output>
          </reporter-output>
        </test-method> <!-- writetoExcelTest -->
        <test-method signature="clickOnHolidayHomesNameLinksTest()[pri:16, instance:com.calculatetripcost.testcases.NairobiSearchResultsPageTest@cd1e646]" started-at="2021-04-09T15:35:43 IST" name="clickOnHolidayHomesNameLinksTest" finished-at="2021-04-09T15:36:04 IST" duration-ms="20363" status="PASS">
          <reporter-output>
          </reporter-output>
        </test-method> <!-- clickOnHolidayHomesNameLinksTest -->
        <test-method is-config="true" signature="quit()[pri:0, instance:com.calculatetripcost.testcases.NairobiSearchResultsPageTest@cd1e646]" started-at="2021-04-09T15:36:04 IST" name="quit" finished-at="2021-04-09T15:36:05 IST" duration-ms="766" status="PASS">
          <reporter-output>
          </reporter-output>
        </test-method> <!-- quit -->
      </class> <!-- com.calculatetripcost.testcases.NairobiSearchResultsPageTest -->
      <class name="com.calculatetripcost.testcases.CruisesPageTestAndDeckPageTest">
        <test-method is-config="true" signature="openBrowser()[pri:0, instance:com.calculatetripcost.testcases.CruisesPageTestAndDeckPageTest@24c22fe]" started-at="2021-04-09T15:34:43 IST" name="openBrowser" finished-at="2021-04-09T15:34:45 IST" duration-ms="1510" status="PASS">
          <reporter-output>
          </reporter-output>
        </test-method> <!-- openBrowser -->
        <test-method signature="check_url()[pri:1, instance:com.calculatetripcost.testcases.CruisesPageTestAndDeckPageTest@24c22fe]" started-at="2021-04-09T15:34:45 IST" name="check_url" finished-at="2021-04-09T15:34:47 IST" duration-ms="2513" status="PASS">
          <reporter-output>
          </reporter-output>
        </test-method> <!-- check_url -->
        <test-method signature="TestHolidayHomesButton()[pri:2, instance:com.calculatetripcost.testcases.CruisesPageTestAndDeckPageTest@24c22fe]" started-at="2021-04-09T15:34:47 IST" name="TestHolidayHomesButton" finished-at="2021-04-09T15:34:47 IST" duration-ms="119" status="PASS">
          <reporter-output>
          </reporter-output>
        </test-method> <!-- TestHolidayHomesButton -->
        <test-method signature="destination_test()[pri:3, instance:com.calculatetripcost.testcases.CruisesPageTestAndDeckPageTest@24c22fe]" started-at="2021-04-09T15:34:47 IST" name="destination_test" finished-at="2021-04-09T15:34:54 IST" duration-ms="7119" status="PASS">
          <reporter-output>
          </reporter-output>
        </test-method> <!-- destination_test -->
        <test-method signature="clickCruisesLinkTextTest()[pri:4, instance:com.calculatetripcost.testcases.CruisesPageTestAndDeckPageTest@24c22fe]" started-at="2021-04-09T15:34:54 IST" name="clickCruisesLinkTextTest" finished-at="2021-04-09T15:34:58 IST" duration-ms="3138" status="PASS">
          <reporter-output>
          </reporter-output>
        </test-method> <!-- clickCruisesLinkTextTest -->
        <test-method signature="clickCruisesLineTest()[pri:5, instance:com.calculatetripcost.testcases.CruisesPageTestAndDeckPageTest@24c22fe]" started-at="2021-04-09T15:34:58 IST" name="clickCruisesLineTest" finished-at="2021-04-09T15:34:58 IST" duration-ms="304" status="PASS">
          <reporter-output>
          </reporter-output>
        </test-method> <!-- clickCruisesLineTest -->
        <test-method signature="clickCruiseShipTest()[pri:6, instance:com.calculatetripcost.testcases.CruisesPageTestAndDeckPageTest@24c22fe]" started-at="2021-04-09T15:34:58 IST" name="clickCruiseShipTest" finished-at="2021-04-09T15:34:58 IST" duration-ms="84" status="PASS">
          <reporter-output>
          </reporter-output>
        </test-method> <!-- clickCruiseShipTest -->
        <test-method signature="clickSearchButton()[pri:7, instance:com.calculatetripcost.testcases.CruisesPageTestAndDeckPageTest@24c22fe]" started-at="2021-04-09T15:34:58 IST" name="clickSearchButton" finished-at="2021-04-09T15:35:08 IST" duration-ms="9990" status="PASS">
          <reporter-output>
          </reporter-output>
        </test-method> <!-- clickSearchButton -->
        <test-method is-config="true" signature="quit()[pri:0, instance:com.calculatetripcost.testcases.CruisesPageTestAndDeckPageTest@24c22fe]" started-at="2021-04-09T15:35:08 IST" name="quit" finished-at="2021-04-09T15:35:09 IST" duration-ms="971" status="PASS">
          <reporter-output>
          </reporter-output>
        </test-method> <!-- quit -->
      </class> <!-- com.calculatetripcost.testcases.CruisesPageTestAndDeckPageTest -->
    </test> <!-- Surefire test -->
  </suite> <!-- Surefire suite -->
</testng-results>
