<?xml version="1.0" encoding="UTF-8"?>
<!-- Generated by org.testng.reporters.JUnitXMLReporter -->
<testsuite ignored="0" hostname="MSI" failures="0" tests="8" name="Cruises Page Test" time="27.005" errors="0" timestamp="07 Apr 2021 05:06:00 GMT">
  <testcase classname="com.calculatetripcost.testclasses.CruisesPageTestAndDeckPageTest" name="openBrowser" time="1.113"/>
  <testcase classname="com.calculatetripcost.testclasses.CruisesPageTestAndDeckPageTest" name="check_url" time="2.71"/>
  <testcase classname="com.calculatetripcost.testclasses.CruisesPageTestAndDeckPageTest" name="TestHolidayHomesButton" time="0.083"/>
  <testcase classname="com.calculatetripcost.testclasses.CruisesPageTestAndDeckPageTest" name="destination_test" time="11.635"/>
  <testcase classname="com.calculatetripcost.testclasses.CruisesPageTestAndDeckPageTest" name="clickCruisesLinkTextTest" time="2.523"/>
  <testcase classname="com.calculatetripcost.testclasses.CruisesPageTestAndDeckPageTest" name="clickCruisesLineTest" time="0.283"/>
  <testcase classname="com.calculatetripcost.testclasses.CruisesPageTestAndDeckPageTest" name="clickCruiseShipTest" time="0.084"/>
  <testcase classname="com.calculatetripcost.testclasses.CruisesPageTestAndDeckPageTest" name="clickSearchButton" time="7.837"/>
</testsuite> <!-- Cruises Page Test -->
