<?xml version="1.0" encoding="UTF-8"?>
<!-- Generated by org.testng.reporters.JUnitXMLReporter -->
<testsuite ignored="0" hostname="MSI" failures="0" tests="4" name="Landing Page" time="21.242" errors="0" timestamp="07 Apr 2021 05:04:48 GMT">
  <testcase classname="com.calculatetripcost.testclasses.LandingPageTest" name="openBrowser" time="1.434"/>
  <testcase classname="com.calculatetripcost.testclasses.LandingPageTest" name="check_url" time="4.877"/>
  <testcase classname="com.calculatetripcost.testclasses.LandingPageTest" name="TestHolidayHomesButton" time="2.098"/>
  <testcase classname="com.calculatetripcost.testclasses.LandingPageTest" name="destination_test" time="11.882"/>
</testsuite> <!-- Landing Page -->
