<?xml version="1.0" encoding="UTF-8"?>
<!-- Generated by org.testng.reporters.JUnitXMLReporter -->
<testsuite ignored="0" hostname="MSI" failures="0" tests="17" name="Nairobi Search Results Page" time="44.812" errors="0" timestamp="07 Apr 2021 05:05:33 GMT">
  <testcase classname="com.calculatetripcost.testclasses.NairobiSearchResultsPageTest" name="openBrowser" time="1.062"/>
  <testcase classname="com.calculatetripcost.testclasses.NairobiSearchResultsPageTest" name="check_url" time="2.381"/>
  <testcase classname="com.calculatetripcost.testclasses.NairobiSearchResultsPageTest" name="TestHolidayHomesButton" time="0.095"/>
  <testcase classname="com.calculatetripcost.testclasses.NairobiSearchResultsPageTest" name="destination_test" time="9.18"/>
  <testcase classname="com.calculatetripcost.testclasses.NairobiSearchResultsPageTest" name="check_in_test" time="0.078"/>
  <testcase classname="com.calculatetripcost.testclasses.NairobiSearchResultsPageTest" name="select_check_in_date_test" time="0.114"/>
  <testcase classname="com.calculatetripcost.testclasses.NairobiSearchResultsPageTest" name="check_out_test" time="0.052"/>
  <testcase classname="com.calculatetripcost.testclasses.NairobiSearchResultsPageTest" name="select_check_out_date_test" time="0.186"/>
  <testcase classname="com.calculatetripcost.testclasses.NairobiSearchResultsPageTest" name="ClickGuestsDropDownTest" time="0.1"/>
  <testcase classname="com.calculatetripcost.testclasses.NairobiSearchResultsPageTest" name="chooseNumberOfGuestsTest" time="0.163"/>
  <testcase classname="com.calculatetripcost.testclasses.NairobiSearchResultsPageTest" name="clickApplyButtonTest" time="3.118"/>
  <testcase classname="com.calculatetripcost.testclasses.NairobiSearchResultsPageTest" name="clickSortByTest" time="0.059"/>
  <testcase classname="com.calculatetripcost.testclasses.NairobiSearchResultsPageTest" name="chooseSortBy" time="2.156"/>
  <testcase classname="com.calculatetripcost.testclasses.NairobiSearchResultsPageTest" name="clickMoreOptionsTest" time="0.149"/>
  <testcase classname="com.calculatetripcost.testclasses.NairobiSearchResultsPageTest" name="checkElevatorTest" time="3.251"/>
  <testcase classname="com.calculatetripcost.testclasses.NairobiSearchResultsPageTest" name="writetoExcelTest" time="0.482"/>
  <testcase classname="com.calculatetripcost.testclasses.NairobiSearchResultsPageTest" name="clickOnHolidayHomesNameLinksTest" time="21.42"/>
</testsuite> <!-- Nairobi Search Results Page -->
