<?xml version="1.0" encoding="UTF-8"?>
<!-- Generated by org.testng.reporters.JUnitXMLReporter -->
<testsuite ignored="0" hostname="MSI" failures="0" tests="4" name="Test1" time="38.529" errors="0" timestamp="07 Apr 2021 04:23:30 GMT">
  <testcase classname="testclass.TestCase1" name="openBrowser" time="1.452"/>
  <testcase classname="testclass.TestCase1" name="check_url" time="3.134"/>
  <testcase classname="testclass.TestCase1" name="TestHolidayHomesButton" time="2.102"/>
  <testcase classname="testclass.TestCase1" name="destination_test" time="30.881"/>
</testsuite> <!-- Test1 -->
